<?xml version="1.0" encoding="UTF-8"?>
<!-- Generated by org.testng.reporters.JUnitReportReporter -->
<testsuite hostname="Vishnus" name="com.pega.com.pega1.myMavenSelenium1" tests="1" failures="0" timestamp="10 May 2015 15:49:07 GMT" time="0.046" errors="0">
  <testcase name="startTest" time="0.046" classname="com.pega.com.pega1.myMavenSelenium1"/>
</testsuite> <!-- com.pega.com.pega1.myMavenSelenium1 -->
